#
# There is insufficient memory for the Java Runtime Environment to continue.
# Native memory allocation (malloc) failed to allocate 1099840 bytes for Chunk::new
# Possible reasons:
#   The system is out of physical RAM or swap space
#   The process is running with CompressedOops enabled, and the Java Heap may be blocking the growth of the native heap
# Possible solutions:
#   Reduce memory load on the system
#   Increase physical memory or swap space
#   Check if swap backing store is full
#   Decrease Java heap size (-Xmx/-Xms)
#   Decrease number of Java threads
#   Decrease Java thread stack sizes (-Xss)
#   Set larger code cache with -XX:ReservedCodeCacheSize=
#   JVM is running with Zero Based Compressed Oops mode in which the Java heap is
#     placed in the first 32GB address space. The Java Heap base address is the
#     maximum limit for the native heap growth. Please use -XX:HeapBaseMinAddress
#     to set the Java Heap base and to place the Java Heap above 32GB virtual address.
# This output file may be truncated or incomplete.
#
#  Out of Memory Error (arena.cpp:189), pid=91480, tid=59932
#
# JRE version: OpenJDK Runtime Environment Temurin-17.0.5+8 (17.0.5+8) (build 17.0.5+8)
# Java VM: OpenJDK 64-Bit Server VM Temurin-17.0.5+8 (17.0.5+8, mixed mode, tiered, compressed oops, compressed class ptrs, g1 gc, windows-amd64)
# No core dump will be written. Minidumps are not enabled by default on client versions of Windows
#

---------------  S U M M A R Y ------------

Command Line: -XX:+ShowCodeDetailsInExceptionMessages -Dspring.jmx.enabled=true -Dmanagement.endpoints.jmx.exposure.include=* -Dspring.application.admin.enabled=true -Dspring.boot.project.name=backend -Djava.rmi.server.hostname=localhost com.univ.backend.UnivBackendApplication

Host: Intel(R) Core(TM) i5-10400F CPU @ 2.90GHz, 12 cores, 15G,  Windows 11 , 64 bit Build 22621 (10.0.22621.457)
Time: Wed Feb  8 19:03:37 2023 India Standard Time elapsed time: 4.436883 seconds (0d 0h 0m 4s)

---------------  T H R E A D  ---------------

Current thread (0x000002586a490e30):  JavaThread "C2 CompilerThread0" daemon [_thread_in_native, id=59932, stack(0x000000d348e00000,0x000000d348f00000)]


Current CompileTask:
C2:   4436 4040   !   4       java.net.URL::<init> (543 bytes)

Stack: [0x000000d348e00000,0x000000d348f00000]
Native frames: (J=compiled Java code, j=interpreted, Vv=VM code, C=native code)
V  [jvm.dll+0x676b3a]
V  [jvm.dll+0x831444]
V  [jvm.dll+0x832bee]
V  [jvm.dll+0x833253]
V  [jvm.dll+0x244ce5]
V  [jvm.dll+0xabbac]
V  [jvm.dll+0xac17c]
V  [jvm.dll+0x362d57]
V  [jvm.dll+0x1bb498]
V  [jvm.dll+0x217ca9]
V  [jvm.dll+0x216f71]
V  [jvm.dll+0x1a343d]
V  [jvm.dll+0x22698a]
V  [jvm.dll+0x224ac5]
V  [jvm.dll+0x7e727b]
V  [jvm.dll+0x7e17ea]
V  [jvm.dll+0x6759e5]
C  [ucrtbase.dll+0x29363]
C  [KERNEL32.DLL+0x1244d]
C  [ntdll.dll+0x5df78]


---------------  P R O C E S S  ---------------

Threads class SMR info:
_java_thread_list=0x000002586dbfacb0, length=16, elements={
0x000002584b4cb6d0, 0x000002586a454380, 0x000002586a458f40, 0x000002586a48e800,
0x000002586a48f0c0, 0x000002586a48f980, 0x000002586a490240, 0x000002586a490e30,
0x000002586a4917e0, 0x000002586a4920e0, 0x000002586a586840, 0x000002586a5dd7e0,
0x000002586bee1420, 0x000002586db0d820, 0x000002586d5560c0, 0x000002586be8d040
}

Java Threads: ( => current thread )
  0x000002584b4cb6d0 JavaThread "main" [_thread_in_vm, id=48564, stack(0x000000d348100000,0x000000d348200000)]
  0x000002586a454380 JavaThread "Reference Handler" daemon [_thread_blocked, id=27060, stack(0x000000d348800000,0x000000d348900000)]
  0x000002586a458f40 JavaThread "Finalizer" daemon [_thread_blocked, id=45148, stack(0x000000d348900000,0x000000d348a00000)]
  0x000002586a48e800 JavaThread "Signal Dispatcher" daemon [_thread_blocked, id=66152, stack(0x000000d348a00000,0x000000d348b00000)]
  0x000002586a48f0c0 JavaThread "Attach Listener" daemon [_thread_blocked, id=91116, stack(0x000000d348b00000,0x000000d348c00000)]
  0x000002586a48f980 JavaThread "Service Thread" daemon [_thread_blocked, id=78480, stack(0x000000d348c00000,0x000000d348d00000)]
  0x000002586a490240 JavaThread "Monitor Deflation Thread" daemon [_thread_blocked, id=15228, stack(0x000000d348d00000,0x000000d348e00000)]
=>0x000002586a490e30 JavaThread "C2 CompilerThread0" daemon [_thread_in_native, id=59932, stack(0x000000d348e00000,0x000000d348f00000)]
  0x000002586a4917e0 JavaThread "C1 CompilerThread0" daemon [_thread_blocked, id=19616, stack(0x000000d348f00000,0x000000d349000000)]
  0x000002586a4920e0 JavaThread "Sweeper thread" daemon [_thread_blocked, id=37184, stack(0x000000d349000000,0x000000d349100000)]
  0x000002586a586840 JavaThread "Notification Thread" daemon [_thread_blocked, id=36916, stack(0x000000d349100000,0x000000d349200000)]
  0x000002586a5dd7e0 JavaThread "Common-Cleaner" daemon [_thread_blocked, id=41120, stack(0x000000d349300000,0x000000d349400000)]
  0x000002586bee1420 JavaThread "Catalina-utility-1" [_thread_blocked, id=42040, stack(0x000000d349900000,0x000000d349a00000)]
  0x000002586db0d820 JavaThread "Catalina-utility-2" [_thread_blocked, id=2388, stack(0x000000d34a000000,0x000000d34a100000)]
  0x000002586d5560c0 JavaThread "container-0" [_thread_blocked, id=51968, stack(0x000000d34a100000,0x000000d34a200000)]
  0x000002586be8d040 JavaThread "mysql-cj-abandoned-connection-cleanup" daemon [_thread_blocked, id=12876, stack(0x000000d34a200000,0x000000d34a300000)]

Other Threads:
  0x000002586a440c20 VMThread "VM Thread" [stack: 0x000000d348700000,0x000000d348800000] [id=22092]
  0x000002584b55d590 WatcherThread [stack: 0x000000d349200000,0x000000d349300000] [id=43096]
  0x000002584b541d50 GCTaskThread "GC Thread#0" [stack: 0x000000d348200000,0x000000d348300000] [id=69904]
  0x000002586b2fa170 GCTaskThread "GC Thread#1" [stack: 0x000000d349400000,0x000000d349500000] [id=27848]
  0x000002586b2fa420 GCTaskThread "GC Thread#2" [stack: 0x000000d349500000,0x000000d349600000] [id=44604]
  0x000002586b2fa6d0 GCTaskThread "GC Thread#3" [stack: 0x000000d349600000,0x000000d349700000] [id=23400]
  0x000002586b2fa980 GCTaskThread "GC Thread#4" [stack: 0x000000d349700000,0x000000d349800000] [id=37772]
  0x000002586b2fac30 GCTaskThread "GC Thread#5" [stack: 0x000000d349800000,0x000000d349900000] [id=31184]
  0x000002586b336ca0 GCTaskThread "GC Thread#6" [stack: 0x000000d349a00000,0x000000d349b00000] [id=54148]
  0x000002586b382840 GCTaskThread "GC Thread#7" [stack: 0x000000d349b00000,0x000000d349c00000] [id=45180]
  0x000002586b46b3f0 GCTaskThread "GC Thread#8" [stack: 0x000000d349c00000,0x000000d349d00000] [id=76644]
  0x000002586b46b6a0 GCTaskThread "GC Thread#9" [stack: 0x000000d349d00000,0x000000d349e00000] [id=41852]
  0x000002584b552bf0 ConcurrentGCThread "G1 Main Marker" [stack: 0x000000d348300000,0x000000d348400000] [id=36300]
  0x000002584b553da0 ConcurrentGCThread "G1 Conc#0" [stack: 0x000000d348400000,0x000000d348500000] [id=37904]
  0x000002586b3967b0 ConcurrentGCThread "G1 Conc#1" [stack: 0x000000d349e00000,0x000000d349f00000] [id=38148]
  0x000002586b3977d0 ConcurrentGCThread "G1 Conc#2" [stack: 0x000000d349f00000,0x000000d34a000000] [id=66984]
  0x000002584b58ecf0 ConcurrentGCThread "G1 Refine#0" [stack: 0x000000d348500000,0x000000d348600000] [id=66956]
  0x00000258698bb7d0 ConcurrentGCThread "G1 Service" [stack: 0x000000d348600000,0x000000d348700000] [id=436]

Threads with active compile tasks:
C2 CompilerThread0     4468 4040   !   4       java.net.URL::<init> (543 bytes)

VM state: not at safepoint (normal execution)

VM Mutex/Monitor currently owned by a thread: None

Heap address: 0x0000000702000000, size: 4064 MB, Compressed Oops mode: Zero based, Oop shift amount: 3

CDS archive(s) not mapped
Compressed class space mapped at: 0x0000000800000000-0x0000000840000000, reserved size: 1073741824
Narrow klass base: 0x0000000800000000, Narrow klass shift: 0, Narrow klass range: 0x40000000

GC Precious Log:
 CPUs: 12 total, 12 available
 Memory: 16253M
 Large Page Support: Disabled
 NUMA Support: Disabled
 Compressed Oops: Enabled (Zero based)
 Heap Region Size: 2M
 Heap Min Capacity: 8M
 Heap Initial Capacity: 254M
 Heap Max Capacity: 4064M
 Pre-touch: Disabled
 Parallel Workers: 10
 Concurrent Workers: 3
 Concurrent Refinement Workers: 10
 Periodic GC: Disabled

Heap:
 garbage-first heap   total 75776K, used 26489K [0x0000000702000000, 0x0000000800000000)
  region size 2048K, 6 young (12288K), 2 survivors (4096K)
 Metaspace       used 44610K, committed 45056K, reserved 1089536K
  class space    used 5681K, committed 5888K, reserved 1048576K

Heap Regions: E=young(eden), S=young(survivor), O=old, HS=humongous(starts), HC=humongous(continues), CS=collection set, F=free, OA=open archive, CA=closed archive, TAMS=top-at-mark-start (previous, next)
|   0|0x0000000702000000, 0x0000000702200000, 0x0000000702200000|100%| O|  |TAMS 0x0000000702200000, 0x0000000702000000| Untracked 
|   1|0x0000000702200000, 0x0000000702400000, 0x0000000702400000|100%| O|  |TAMS 0x0000000702400000, 0x0000000702200000| Untracked 
|   2|0x0000000702400000, 0x0000000702600000, 0x0000000702600000|100%| O|  |TAMS 0x0000000702600000, 0x0000000702400000| Untracked 
|   3|0x0000000702600000, 0x0000000702800000, 0x0000000702800000|100%| O|  |TAMS 0x0000000702600000, 0x0000000702600000| Untracked 
|   4|0x0000000702800000, 0x0000000702a00000, 0x0000000702a00000|100%| O|  |TAMS 0x0000000702a00000, 0x0000000702800000| Untracked 
|   5|0x0000000702a00000, 0x0000000702c00000, 0x0000000702c00000|100%| O|  |TAMS 0x0000000702c00000, 0x0000000702a00000| Untracked 
|   6|0x0000000702c00000, 0x0000000702cb1600, 0x0000000702e00000| 34%| O|  |TAMS 0x0000000702cb1600, 0x0000000702c00000| Untracked 
|   7|0x0000000702e00000, 0x0000000703000000, 0x0000000703000000|100%| O|  |TAMS 0x0000000702e00000, 0x0000000702e00000| Untracked 
|   8|0x0000000703000000, 0x0000000703200000, 0x0000000703200000|100%| O|  |TAMS 0x0000000703000000, 0x0000000703000000| Untracked 
|   9|0x0000000703200000, 0x00000007032a4a00, 0x0000000703400000| 32%| O|  |TAMS 0x0000000703200000, 0x0000000703200000| Untracked 
|  10|0x0000000703400000, 0x0000000703400000, 0x0000000703600000|  0%| F|  |TAMS 0x0000000703400000, 0x0000000703400000| Untracked 
|  11|0x0000000703600000, 0x0000000703600000, 0x0000000703800000|  0%| F|  |TAMS 0x0000000703600000, 0x0000000703600000| Untracked 
|  12|0x0000000703800000, 0x0000000703800000, 0x0000000703a00000|  0%| F|  |TAMS 0x0000000703800000, 0x0000000703800000| Untracked 
|  13|0x0000000703a00000, 0x0000000703a88760, 0x0000000703c00000| 26%| S|CS|TAMS 0x0000000703a00000, 0x0000000703a00000| Complete 
|  14|0x0000000703c00000, 0x0000000703e00000, 0x0000000703e00000|100%| S|CS|TAMS 0x0000000703c00000, 0x0000000703c00000| Complete 
|  15|0x0000000703e00000, 0x0000000703e00000, 0x0000000704000000|  0%| F|  |TAMS 0x0000000703e00000, 0x0000000703e00000| Untracked 
|  16|0x0000000704000000, 0x0000000704000000, 0x0000000704200000|  0%| F|  |TAMS 0x0000000704000000, 0x0000000704000000| Untracked 
|  17|0x0000000704200000, 0x0000000704200000, 0x0000000704400000|  0%| F|  |TAMS 0x0000000704200000, 0x0000000704200000| Untracked 
|  18|0x0000000704400000, 0x0000000704400000, 0x0000000704600000|  0%| F|  |TAMS 0x0000000704400000, 0x0000000704400000| Untracked 
|  19|0x0000000704600000, 0x0000000704600000, 0x0000000704800000|  0%| F|  |TAMS 0x0000000704600000, 0x0000000704600000| Untracked 
|  20|0x0000000704800000, 0x0000000704800000, 0x0000000704a00000|  0%| F|  |TAMS 0x0000000704800000, 0x0000000704800000| Untracked 
|  21|0x0000000704a00000, 0x0000000704a00000, 0x0000000704c00000|  0%| F|  |TAMS 0x0000000704a00000, 0x0000000704a00000| Untracked 
|  22|0x0000000704c00000, 0x0000000704c00000, 0x0000000704e00000|  0%| F|  |TAMS 0x0000000704c00000, 0x0000000704c00000| Untracked 
|  23|0x0000000704e00000, 0x0000000704e00000, 0x0000000705000000|  0%| F|  |TAMS 0x0000000704e00000, 0x0000000704e00000| Untracked 
|  24|0x0000000705000000, 0x0000000705000000, 0x0000000705200000|  0%| F|  |TAMS 0x0000000705000000, 0x0000000705000000| Untracked 
|  25|0x0000000705200000, 0x0000000705200000, 0x0000000705400000|  0%| F|  |TAMS 0x0000000705200000, 0x0000000705200000| Untracked 
|  26|0x0000000705400000, 0x0000000705400000, 0x0000000705600000|  0%| F|  |TAMS 0x0000000705400000, 0x0000000705400000| Untracked 
|  27|0x0000000705600000, 0x0000000705600000, 0x0000000705800000|  0%| F|  |TAMS 0x0000000705600000, 0x0000000705600000| Untracked 
|  28|0x0000000705800000, 0x0000000705800000, 0x0000000705a00000|  0%| F|  |TAMS 0x0000000705800000, 0x0000000705800000| Untracked 
|  29|0x0000000705a00000, 0x0000000705a00000, 0x0000000705c00000|  0%| F|  |TAMS 0x0000000705a00000, 0x0000000705a00000| Untracked 
|  30|0x0000000705c00000, 0x0000000705c00000, 0x0000000705e00000|  0%| F|  |TAMS 0x0000000705c00000, 0x0000000705c00000| Untracked 
|  31|0x0000000705e00000, 0x0000000705e00000, 0x0000000706000000|  0%| F|  |TAMS 0x0000000705e00000, 0x0000000705e00000| Untracked 
|  46|0x0000000707c00000, 0x0000000707c00000, 0x0000000707e00000|  0%| F|  |TAMS 0x0000000707c00000, 0x0000000707c00000| Untracked 
|  47|0x0000000707e00000, 0x0000000707f21748, 0x0000000708000000| 56%| E|  |TAMS 0x0000000707e00000, 0x0000000707e00000| Complete 
|  48|0x0000000708000000, 0x0000000708200000, 0x0000000708200000|100%| E|CS|TAMS 0x0000000708000000, 0x0000000708000000| Complete 
|  49|0x0000000708200000, 0x0000000708400000, 0x0000000708400000|100%| E|CS|TAMS 0x0000000708200000, 0x0000000708200000| Complete 
| 126|0x0000000711c00000, 0x0000000711e00000, 0x0000000711e00000|100%| E|CS|TAMS 0x0000000711c00000, 0x0000000711c00000| Complete 

Card table byte_map: [0x000002585de90000,0x000002585e680000] _byte_map_base: 0x000002585a680000

Marking Bits (Prev, Next): (CMBitMap*) 0x000002584b542360, (CMBitMap*) 0x000002584b5423a0
 Prev Bits: [0x000002585ee70000, 0x0000025862df0000)
 Next Bits: [0x0000025862df0000, 0x0000025866d70000)

Polling page: 0x0000025849410000

Metaspace:

Usage:
  Non-class:     38.04 MB used.
      Class:      5.55 MB used.
       Both:     43.59 MB used.

Virtual space:
  Non-class space:       40.00 MB reserved,      38.25 MB ( 96%) committed,  5 nodes.
      Class space:        1.00 GB reserved,       5.75 MB ( <1%) committed,  1 nodes.
             Both:        1.04 GB reserved,      44.00 MB (  4%) committed. 

Chunk freelists:
   Non-Class:  880.00 KB
       Class:  2.23 MB
        Both:  3.09 MB

MaxMetaspaceSize: unlimited
CompressedClassSpaceSize: 1.00 GB
Initial GC threshold: 21.00 MB
Current GC threshold: 59.00 MB
CDS: off
MetaspaceReclaimPolicy: balanced
 - commit_granule_bytes: 65536.
 - commit_granule_words: 8192.
 - virtual_space_node_default_size: 1048576.
 - enlarge_chunks_in_place: 1.
 - new_chunks_are_fully_committed: 0.
 - uncommit_free_chunks: 1.
 - use_allocation_guard: 0.
 - handle_deallocations: 1.


Internal statistics:

num_allocs_failed_limit: 8.
num_arena_births: 530.
num_arena_deaths: 0.
num_vsnodes_births: 6.
num_vsnodes_deaths: 0.
num_space_committed: 705.
num_space_uncommitted: 0.
num_chunks_returned_to_freelist: 8.
num_chunks_taken_from_freelist: 1876.
num_chunk_merges: 5.
num_chunk_splits: 1312.
num_chunks_enlarged: 1003.
num_purges: 0.
num_inconsistent_stats: 0.

CodeHeap 'non-profiled nmethods': size=120000Kb used=1582Kb max_used=1582Kb free=118417Kb
 bounds [0x0000025855c20000, 0x0000025855e90000, 0x000002585d150000]
CodeHeap 'profiled nmethods': size=120000Kb used=8260Kb max_used=8260Kb free=111740Kb
 bounds [0x000002584e6f0000, 0x000002584ef10000, 0x0000025855c20000]
CodeHeap 'non-nmethods': size=5760Kb used=1232Kb max_used=1310Kb free=4527Kb
 bounds [0x000002584e150000, 0x000002584e3c0000, 0x000002584e6f0000]
 total_blobs=4605 nmethods=4065 adapters=452
 compilation: enabled
              stopped_count=0, restarted_count=0
 full_count=0

Compilation events (20 events):
Event: 4.400 Thread 0x000002586a4917e0 4100       1       com.mysql.cj.conf.AbstractPropertyDefinition::setOrder (6 bytes)
Event: 4.400 Thread 0x000002586a4917e0 nmethod 4100 0x0000025855daa590 code [0x0000025855daa720, 0x0000025855daa7f8]
Event: 4.401 Thread 0x000002586a4917e0 4101 %     3       java.text.MessageFormat::applyPattern @ 34 (422 bytes)
Event: 4.404 Thread 0x000002586a4917e0 nmethod 4101% 0x000002584eefa510 code [0x000002584eefaa20, 0x000002584eefdca8]
Event: 4.404 Thread 0x000002586a4917e0 4104       1       com.mysql.cj.conf.AbstractPropertyDefinition::getPropertyKey (5 bytes)
Event: 4.404 Thread 0x000002586a4917e0 nmethod 4104 0x0000025855daa890 code [0x0000025855daaa20, 0x0000025855daaaf8]
Event: 4.404 Thread 0x000002586a4917e0 4102  s    2       java.lang.StringBuffer::toString (59 bytes)
Event: 4.404 Thread 0x000002586a4917e0 nmethod 4102 0x000002584eefef10 code [0x000002584eeff0e0, 0x000002584eeff518]
Event: 4.404 Thread 0x000002586a4917e0 4103       2       java.util.Locale::getDefault (63 bytes)
Event: 4.404 Thread 0x000002586a4917e0 nmethod 4103 0x000002584eeff690 code [0x000002584eeff880, 0x000002584eeffe08]
Event: 4.406 Thread 0x000002586a4917e0 4105       1       com.mysql.cj.conf.AbstractPropertyDefinition::getDefaultValue (5 bytes)
Event: 4.406 Thread 0x000002586a4917e0 nmethod 4105 0x0000025855daab90 code [0x0000025855daad20, 0x0000025855daadf8]
Event: 4.406 Thread 0x000002586a4917e0 4106       1       com.mysql.cj.conf.AbstractRuntimeProperty::getPropertyDefinition (5 bytes)
Event: 4.406 Thread 0x000002586a4917e0 nmethod 4106 0x0000025855daae90 code [0x0000025855dab020, 0x0000025855dab0f8]
Event: 4.406 Thread 0x000002586a4917e0 4107       2       java.util.HashMap$ValueIterator::next (8 bytes)
Event: 4.406 Thread 0x000002586a4917e0 nmethod 4107 0x000002584ef00010 code [0x000002584ef001a0, 0x000002584ef002c8]
Event: 4.406 Thread 0x000002586a4917e0 4108       1       com.mysql.cj.conf.AbstractPropertyDefinition::getName (5 bytes)
Event: 4.406 Thread 0x000002586a4917e0 nmethod 4108 0x0000025855dab190 code [0x0000025855dab320, 0x0000025855dab3f8]
Event: 4.406 Thread 0x000002586a4917e0 4109       1       com.mysql.cj.conf.AbstractPropertyDefinition::getCcAlias (5 bytes)
Event: 4.406 Thread 0x000002586a4917e0 nmethod 4109 0x0000025855dab490 code [0x0000025855dab620, 0x0000025855dab6f8]

GC Heap History (16 events):
Event: 0.853 GC heap before
{Heap before GC invocations=0 (full 0):
 garbage-first heap   total 260096K, used 20480K [0x0000000702000000, 0x0000000800000000)
  region size 2048K, 11 young (22528K), 0 survivors (0K)
 Metaspace       used 12525K, committed 12672K, reserved 1064960K
  class space    used 1372K, committed 1408K, reserved 1048576K
}
Event: 0.857 GC heap after
{Heap after GC invocations=1 (full 0):
 garbage-first heap   total 260096K, used 6544K [0x0000000702000000, 0x0000000800000000)
  region size 2048K, 2 young (4096K), 2 survivors (4096K)
 Metaspace       used 12525K, committed 12672K, reserved 1064960K
  class space    used 1372K, committed 1408K, reserved 1048576K
}
Event: 1.210 GC heap before
{Heap before GC invocations=1 (full 0):
 garbage-first heap   total 260096K, used 29072K [0x0000000702000000, 0x0000000800000000)
  region size 2048K, 14 young (28672K), 2 survivors (4096K)
 Metaspace       used 19610K, committed 19840K, reserved 1073152K
  class space    used 2246K, committed 2368K, reserved 1048576K
}
Event: 1.227 GC heap after
{Heap after GC invocations=2 (full 0):
 garbage-first heap   total 260096K, used 8548K [0x0000000702000000, 0x0000000800000000)
  region size 2048K, 2 young (4096K), 2 survivors (4096K)
 Metaspace       used 19610K, committed 19840K, reserved 1073152K
  class space    used 2246K, committed 2368K, reserved 1048576K
}
Event: 1.279 GC heap before
{Heap before GC invocations=2 (full 0):
 garbage-first heap   total 260096K, used 14692K [0x0000000702000000, 0x0000000800000000)
  region size 2048K, 6 young (12288K), 2 survivors (4096K)
 Metaspace       used 21261K, committed 21504K, reserved 1073152K
  class space    used 2460K, committed 2560K, reserved 1048576K
}
Event: 1.281 GC heap after
{Heap after GC invocations=3 (full 0):
 garbage-first heap   total 260096K, used 8688K [0x0000000702000000, 0x0000000800000000)
  region size 2048K, 2 young (4096K), 2 survivors (4096K)
 Metaspace       used 21261K, committed 21504K, reserved 1073152K
  class space    used 2460K, committed 2560K, reserved 1048576K
}
Event: 1.679 GC heap before
{Heap before GC invocations=4 (full 0):
 garbage-first heap   total 49152K, used 33264K [0x0000000702000000, 0x0000000800000000)
  region size 2048K, 14 young (28672K), 2 survivors (4096K)
 Metaspace       used 24777K, committed 24960K, reserved 1073152K
  class space    used 2906K, committed 3008K, reserved 1048576K
}
Event: 1.685 GC heap after
{Heap after GC invocations=5 (full 0):
 garbage-first heap   total 49152K, used 11102K [0x0000000702000000, 0x0000000800000000)
  region size 2048K, 2 young (4096K), 2 survivors (4096K)
 Metaspace       used 24777K, committed 24960K, reserved 1073152K
  class space    used 2906K, committed 3008K, reserved 1048576K
}
Event: 1.724 GC heap before
{Heap before GC invocations=5 (full 0):
 garbage-first heap   total 49152K, used 13150K [0x0000000702000000, 0x0000000800000000)
  region size 2048K, 3 young (6144K), 2 survivors (4096K)
 Metaspace       used 25042K, committed 25344K, reserved 1073152K
  class space    used 2936K, committed 3072K, reserved 1048576K
}
Event: 1.727 GC heap after
{Heap after GC invocations=6 (full 0):
 garbage-first heap   total 49152K, used 11452K [0x0000000702000000, 0x0000000800000000)
  region size 2048K, 1 young (2048K), 1 survivors (2048K)
 Metaspace       used 25042K, committed 25344K, reserved 1073152K
  class space    used 2936K, committed 3072K, reserved 1048576K
}
Event: 2.077 GC heap before
{Heap before GC invocations=6 (full 0):
 garbage-first heap   total 49152K, used 29884K [0x0000000702000000, 0x0000000800000000)
  region size 2048K, 10 young (20480K), 1 survivors (2048K)
 Metaspace       used 26644K, committed 26880K, reserved 1073152K
  class space    used 3136K, committed 3264K, reserved 1048576K
}
Event: 2.130 GC heap after
{Heap after GC invocations=7 (full 0):
 garbage-first heap   total 155648K, used 12609K [0x0000000702000000, 0x0000000800000000)
  region size 2048K, 1 young (2048K), 1 survivors (2048K)
 Metaspace       used 26644K, committed 26880K, reserved 1073152K
  class space    used 3136K, committed 3264K, reserved 1048576K
}
Event: 3.422 GC heap before
{Heap before GC invocations=7 (full 0):
 garbage-first heap   total 155648K, used 63809K [0x0000000702000000, 0x0000000800000000)
  region size 2048K, 27 young (55296K), 1 survivors (2048K)
 Metaspace       used 35822K, committed 36160K, reserved 1081344K
  class space    used 4421K, committed 4608K, reserved 1048576K
}
Event: 3.434 GC heap after
{Heap after GC invocations=8 (full 0):
 garbage-first heap   total 155648K, used 18018K [0x0000000702000000, 0x0000000800000000)
  region size 2048K, 4 young (8192K), 4 survivors (8192K)
 Metaspace       used 35822K, committed 36160K, reserved 1081344K
  class space    used 4421K, committed 4608K, reserved 1048576K
}
Event: 4.285 GC heap before
{Heap before GC invocations=9 (full 0):
 garbage-first heap   total 75776K, used 54882K [0x0000000702000000, 0x0000000800000000)
  region size 2048K, 22 young (45056K), 4 survivors (8192K)
 Metaspace       used 42476K, committed 42944K, reserved 1089536K
  class space    used 5462K, committed 5696K, reserved 1048576K
}
Event: 4.291 GC heap after
{Heap after GC invocations=10 (full 0):
 garbage-first heap   total 75776K, used 20345K [0x0000000702000000, 0x0000000800000000)
  region size 2048K, 2 young (4096K), 2 survivors (4096K)
 Metaspace       used 42476K, committed 42944K, reserved 1089536K
  class space    used 5462K, committed 5696K, reserved 1048576K
}

Dll operation events (9 events):
Event: 0.026 Loaded shared library C:\Users\Kushal Shah\.vscode\extensions\redhat.java-1.14.0-win32-x64\jre\17.0.5-win32-x86_64\bin\java.dll
Event: 0.280 Loaded shared library C:\Users\Kushal Shah\.vscode\extensions\redhat.java-1.14.0-win32-x64\jre\17.0.5-win32-x86_64\bin\net.dll
Event: 0.291 Loaded shared library C:\Users\Kushal Shah\.vscode\extensions\redhat.java-1.14.0-win32-x64\jre\17.0.5-win32-x86_64\bin\nio.dll
Event: 0.297 Loaded shared library C:\Users\Kushal Shah\.vscode\extensions\redhat.java-1.14.0-win32-x64\jre\17.0.5-win32-x86_64\bin\zip.dll
Event: 0.446 Loaded shared library C:\Users\Kushal Shah\.vscode\extensions\redhat.java-1.14.0-win32-x64\jre\17.0.5-win32-x86_64\bin\jimage.dll
Event: 1.147 Loaded shared library C:\Users\Kushal Shah\.vscode\extensions\redhat.java-1.14.0-win32-x64\jre\17.0.5-win32-x86_64\bin\verify.dll
Event: 3.308 Loaded shared library C:\Users\Kushal Shah\.vscode\extensions\redhat.java-1.14.0-win32-x64\jre\17.0.5-win32-x86_64\bin\sunmscapi.dll
Event: 3.357 Loaded shared library C:\Users\Kushal Shah\.vscode\extensions\redhat.java-1.14.0-win32-x64\jre\17.0.5-win32-x86_64\bin\management.dll
Event: 3.392 Loaded shared library C:\Users\Kushal Shah\.vscode\extensions\redhat.java-1.14.0-win32-x64\jre\17.0.5-win32-x86_64\bin\management_ext.dll

Deoptimization events (20 events):
Event: 4.134 Thread 0x000002584b4cb6d0 DEOPT PACKING pc=0x000002584ee36dc8 sp=0x000000d3481f96a0
Event: 4.134 Thread 0x000002584b4cb6d0 DEOPT UNPACKING pc=0x000002584e1a2b43 sp=0x000000d3481f8bb8 mode 0
Event: 4.164 Thread 0x000002584b4cb6d0 DEOPT PACKING pc=0x000002584ee36dc8 sp=0x000000d3481f9e70
Event: 4.164 Thread 0x000002584b4cb6d0 DEOPT UNPACKING pc=0x000002584e1a2b43 sp=0x000000d3481f9388 mode 0
Event: 4.188 Thread 0x000002584b4cb6d0 DEOPT PACKING pc=0x000002584ee36dc8 sp=0x000000d3481f6600
Event: 4.188 Thread 0x000002584b4cb6d0 DEOPT UNPACKING pc=0x000002584e1a2b43 sp=0x000000d3481f5b18 mode 0
Event: 4.222 Thread 0x000002584b4cb6d0 DEOPT PACKING pc=0x000002584ee36dc8 sp=0x000000d3481fceb0
Event: 4.222 Thread 0x000002584b4cb6d0 DEOPT UNPACKING pc=0x000002584e1a2b43 sp=0x000000d3481fc3c8 mode 0
Event: 4.253 Thread 0x000002584b4cb6d0 DEOPT PACKING pc=0x000002584ee36dc8 sp=0x000000d3481fce00
Event: 4.253 Thread 0x000002584b4cb6d0 DEOPT UNPACKING pc=0x000002584e1a2b43 sp=0x000000d3481fc318 mode 0
Event: 4.294 Thread 0x000002584b4cb6d0 DEOPT PACKING pc=0x000002584ee36dc8 sp=0x000000d3481fd860
Event: 4.294 Thread 0x000002584b4cb6d0 DEOPT UNPACKING pc=0x000002584e1a2b43 sp=0x000000d3481fcd78 mode 0
Event: 4.326 Thread 0x000002584b4cb6d0 DEOPT PACKING pc=0x000002584ee36dc8 sp=0x000000d3481fd3e0
Event: 4.326 Thread 0x000002584b4cb6d0 DEOPT UNPACKING pc=0x000002584e1a2b43 sp=0x000000d3481fc8f8 mode 0
Event: 4.361 Thread 0x000002584b4cb6d0 Uncommon trap: trap_request=0xffffff45 fr.pc=0x0000025855d79230 relative=0x00000000000007b0
Event: 4.361 Thread 0x000002584b4cb6d0 Uncommon trap: reason=unstable_if action=reinterpret pc=0x0000025855d79230 method=java.util.Properties.load0(Ljava/util/Properties$LineReader;)V @ 160 c2
Event: 4.361 Thread 0x000002584b4cb6d0 DEOPT PACKING pc=0x0000025855d79230 sp=0x000000d3481fabe0
Event: 4.361 Thread 0x000002584b4cb6d0 DEOPT UNPACKING pc=0x000002584e1a23a3 sp=0x000000d3481fab88 mode 2
Event: 4.387 Thread 0x000002584b4cb6d0 DEOPT PACKING pc=0x000002584ee36dc8 sp=0x000000d3481fbf60
Event: 4.387 Thread 0x000002584b4cb6d0 DEOPT UNPACKING pc=0x000002584e1a2b43 sp=0x000000d3481fb478 mode 0

Classes unloaded (0 events):
No events

Classes redefined (0 events):
No events

Internal exceptions (20 events):
Event: 2.681 Thread 0x000002584b4cb6d0 Exception <a 'java/lang/NoClassDefFoundError'{0x0000000709d126e8}: org/springframework/batch/core/repository/JobRepository> (0x0000000709d126e8) 
thrown [s\src\hotspot\share\classfile\systemDictionary.cpp, line 245]
Event: 2.681 Thread 0x000002584b4cb6d0 Exception <a 'java/lang/NoClassDefFoundError'{0x0000000709d13b58}: org/quartz/Scheduler> (0x0000000709d13b58) 
thrown [s\src\hotspot\share\classfile\systemDictionary.cpp, line 245]
Event: 2.681 Thread 0x000002584b4cb6d0 Exception <a 'java/lang/NoClassDefFoundError'{0x0000000709d15368}: org/springframework/session/jdbc/JdbcIndexedSessionRepository> (0x0000000709d15368) 
thrown [s\src\hotspot\share\classfile\systemDictionary.cpp, line 245]
Event: 2.913 Thread 0x000002584b4cb6d0 Exception <a 'java/lang/NoSuchMethodError'{0x000000070926a428}: 'void java.lang.invoke.DirectMethodHandle$Holder.invokeInterface(java.lang.Object, java.lang.Object, int)'> (0x000000070926a428) 
thrown [s\src\hotspot\share\interpreter\linkResolver.cpp, line 759]
Event: 2.918 Thread 0x000002584b4cb6d0 Exception <a 'java/lang/IncompatibleClassChangeError'{0x00000007092ba240}: Found class java.lang.Object, but interface was expected> (0x00000007092ba240) 
thrown [s\src\hotspot\share\interpreter\linkResolver.cpp, line 826]
Event: 2.918 Thread 0x000002584b4cb6d0 Exception <a 'java/lang/NoSuchMethodError'{0x00000007092bf328}: 'void java.lang.invoke.DirectMethodHandle$Holder.invokeStatic(java.lang.Object, int, java.lang.Object)'> (0x00000007092bf328) 
thrown [s\src\hotspot\share\interpreter\linkResolver.cpp, line 759]
Event: 3.007 Thread 0x000002584b4cb6d0 Exception <a 'java/lang/NoSuchMethodError'{0x0000000708ef7b08}: 'java.lang.Object java.lang.invoke.DirectMethodHandle$Holder.invokeStaticInit(java.lang.Object, int, int, int, int)'> (0x0000000708ef7b08) 
thrown [s\src\hotspot\share\interpreter\linkResolver.cpp, line 759]
Event: 3.056 Thread 0x000002584b4cb6d0 Exception <a 'java/lang/NoSuchMethodError'{0x0000000708f56f60}: 'java.lang.Object java.lang.invoke.DirectMethodHandle$Holder.invokeStaticInit(java.lang.Object, java.lang.Object, int, int, int, int)'> (0x0000000708f56f60) 
thrown [s\src\hotspot\share\interpreter\linkResolver.cpp, line 759]
Event: 3.210 Thread 0x000002584b4cb6d0 Exception <a 'java/lang/NoSuchMethodError'{0x00000007088694c0}: 'java.lang.Object java.lang.invoke.DirectMethodHandle$Holder.invokeSpecial(java.lang.Object, java.lang.Object, long, java.lang.Object, java.lang.Object, java.lang.Object, java.lang.Object, java.lang.Object, java.lang.Object)'> (0x00000007088694c0) 
thrown [s\src\hotspot\share\interpreter\linkResolver.cpp, line 759]
Event: 3.211 Thread 0x000002584b4cb6d0 Exception <a 'java/lang/NoSuchMethodError'{0x000000070886dfe8}: 'java.lang.Object java.lang.invoke.DelegatingMethodHandle$Holder.reinvoke_L(java.lang.Object, long, java.lang.Object, java.lang.Object, java.lang.Object, java.lang.Object, java.lang.Object, java.lang.Object)'> (0x000000070886dfe8) 
thrown [s\src\hotspot\share\interpreter\linkResolver.cpp, line 759]
Event: 3.212 Thread 0x000002584b4cb6d0 Exception <a 'java/lang/NoSuchMethodError'{0x000000070887a9e8}: 'java.lang.Object java.lang.invoke.Invokers$Holder.linkToTargetMethod(java.lang.Object, java.lang.Object, java.lang.Object, java.lang.Object, java.lang.Object, java.lang.Object, java.lang.Object)'> (0x000000070887a9e8) 
thrown [s\src\hotspot\share\interpreter\linkResolver.cpp, line 759]
Event: 3.258 Thread 0x000002584b4cb6d0 Implicit null exception at 0x0000025855cc10a0 to 0x0000025855cc4018
Event: 3.410 Thread 0x000002584b4cb6d0 Exception <a 'java/io/FileNotFoundException'{0x00000007087f5e18}> (0x00000007087f5e18) 
thrown [s\src\hotspot\share\prims\jni.cpp, line 516]
Event: 3.468 Thread 0x000002584b4cb6d0 Exception <a 'java/lang/NoSuchMethodError'{0x0000000711ce5dd8}: 'int java.lang.invoke.DirectMethodHandle$Holder.invokeInterface(java.lang.Object, java.lang.Object, java.lang.Object, java.lang.Object)'> (0x0000000711ce5dd8) 
thrown [s\src\hotspot\share\interpreter\linkResolver.cpp, line 759]
Event: 3.529 Thread 0x000002584b4cb6d0 Exception <a 'java/lang/NoSuchMethodError'{0x0000000705f02500}: 'java.lang.Object java.lang.invoke.DirectMethodHandle$Holder.invokeStaticInit(java.lang.Object, java.lang.Object, java.lang.Object, java.lang.Object)'> (0x0000000705f02500) 
thrown [s\src\hotspot\share\interpreter\linkResolver.cpp, line 759]
Event: 3.531 Thread 0x000002584b4cb6d0 Exception <a 'java/lang/IncompatibleClassChangeError'{0x0000000705f148b8}: Found class java.lang.Object, but interface was expected> (0x0000000705f148b8) 
thrown [s\src\hotspot\share\interpreter\linkResolver.cpp, line 826]
Event: 3.532 Thread 0x000002584b4cb6d0 Exception <a 'java/lang/IncompatibleClassChangeError'{0x0000000705f21c38}: Found class java.lang.Object, but interface was expected> (0x0000000705f21c38) 
thrown [s\src\hotspot\share\interpreter\linkResolver.cpp, line 826]
Event: 3.537 Thread 0x000002584b4cb6d0 Exception <a 'java/lang/IncompatibleClassChangeError'{0x0000000705f500a8}: Found class java.lang.Object, but interface was expected> (0x0000000705f500a8) 
thrown [s\src\hotspot\share\interpreter\linkResolver.cpp, line 826]
Event: 3.660 Thread 0x000002584b4cb6d0 Exception <a 'java/lang/NoSuchMethodError'{0x000000070582a5e8}: 'long java.lang.invoke.DirectMethodHandle$Holder.invokeVirtual(java.lang.Object, java.lang.Object)'> (0x000000070582a5e8) 
thrown [s\src\hotspot\share\interpreter\linkResolver.cpp, line 759]
Event: 3.779 Thread 0x000002584b4cb6d0 Implicit null exception at 0x0000025855d3a420 to 0x0000025855d3a600

VM Operations (20 events):
Event: 3.317 Executing VM operation: ICBufferFull
Event: 3.317 Executing VM operation: ICBufferFull done
Event: 3.402 Executing VM operation: HandshakeAllThreads
Event: 3.402 Executing VM operation: HandshakeAllThreads done
Event: 3.421 Executing VM operation: CollectForMetadataAllocation
Event: 3.434 Executing VM operation: CollectForMetadataAllocation done
Event: 3.445 Executing VM operation: G1Concurrent
Event: 3.448 Executing VM operation: G1Concurrent done
Event: 3.451 Executing VM operation: G1Concurrent
Event: 3.451 Executing VM operation: G1Concurrent done
Event: 3.628 Executing VM operation: HandshakeAllThreads
Event: 3.628 Executing VM operation: HandshakeAllThreads done
Event: 3.629 Executing VM operation: HandshakeAllThreads
Event: 3.629 Executing VM operation: HandshakeAllThreads done
Event: 3.674 Executing VM operation: HandshakeAllThreads
Event: 3.674 Executing VM operation: HandshakeAllThreads done
Event: 3.703 Executing VM operation: HandshakeAllThreads
Event: 3.703 Executing VM operation: HandshakeAllThreads done
Event: 4.284 Executing VM operation: G1CollectForAllocation
Event: 4.291 Executing VM operation: G1CollectForAllocation done

Events (20 events):
Event: 4.352 loading class java/util/concurrent/ThreadPoolExecutor$DiscardPolicy
Event: 4.352 loading class java/util/concurrent/ThreadPoolExecutor$DiscardPolicy done
Event: 4.354 loading class java/util/concurrent/atomic/AtomicIntegerFieldUpdater
Event: 4.354 loading class java/util/concurrent/atomic/AtomicIntegerFieldUpdater done
Event: 4.354 loading class java/util/concurrent/atomic/AtomicIntegerFieldUpdater$AtomicIntegerFieldUpdaterImpl
Event: 4.354 loading class java/util/concurrent/atomic/AtomicIntegerFieldUpdater$AtomicIntegerFieldUpdaterImpl done
Event: 4.354 loading class java/util/concurrent/atomic/AtomicIntegerFieldUpdater$AtomicIntegerFieldUpdaterImpl$1
Event: 4.354 loading class java/util/concurrent/atomic/AtomicIntegerFieldUpdater$AtomicIntegerFieldUpdaterImpl$1 done
Event: 4.355 loading class sun/reflect/misc/ReflectUtil
Event: 4.355 loading class sun/reflect/misc/ReflectUtil done
Event: 4.365 loading class jdk/internal/math/FDBigInteger
Event: 4.365 loading class jdk/internal/math/FDBigInteger done
Event: 4.366 loading class java/math/MathContext
Event: 4.366 loading class java/math/MathContext done
Event: 4.367 loading class java/util/Collections$UnmodifiableMap$UnmodifiableEntrySet$UnmodifiableEntrySetSpliterator
Event: 4.367 loading class java/util/Collections$UnmodifiableMap$UnmodifiableEntrySet$UnmodifiableEntrySetSpliterator done
Event: 4.367 loading class java/util/HashMap$EntrySpliterator
Event: 4.367 loading class java/util/HashMap$EntrySpliterator done
Event: 4.399 loading class java/text/MessageFormat$Field
Event: 4.400 loading class java/text/MessageFormat$Field done


Dynamic libraries:
0x00007ff6c0470000 - 0x00007ff6c047e000 	C:\Users\Kushal Shah\.vscode\extensions\redhat.java-1.14.0-win32-x64\jre\17.0.5-win32-x86_64\bin\java.exe
0x00007ffd976d0000 - 0x00007ffd978e4000 	C:\Windows\SYSTEM32\ntdll.dll
0x00007ffd96410000 - 0x00007ffd964d2000 	C:\Windows\System32\KERNEL32.DLL
0x00007ffd94ca0000 - 0x00007ffd9503c000 	C:\Windows\System32\KERNELBASE.dll
0x00007ffd95070000 - 0x00007ffd95181000 	C:\Windows\System32\ucrtbase.dll
0x00007ffd722e0000 - 0x00007ffd722f9000 	C:\Users\Kushal Shah\.vscode\extensions\redhat.java-1.14.0-win32-x64\jre\17.0.5-win32-x86_64\bin\VCRUNTIME140.dll
0x00007ffd7ca50000 - 0x00007ffd7ca67000 	C:\Users\Kushal Shah\.vscode\extensions\redhat.java-1.14.0-win32-x64\jre\17.0.5-win32-x86_64\bin\jli.dll
0x00007ffd96670000 - 0x00007ffd9681b000 	C:\Windows\System32\USER32.dll
0x00007ffd95040000 - 0x00007ffd95066000 	C:\Windows\System32\win32u.dll
0x00007ffd97660000 - 0x00007ffd97689000 	C:\Windows\System32\GDI32.dll
0x00007ffd7a790000 - 0x00007ffd7aa1e000 	C:\Windows\WinSxS\amd64_microsoft.windows.common-controls_6595b64144ccf1df_6.0.22621.317_none_a9434687c10c9fa2\COMCTL32.dll
0x00007ffd95250000 - 0x00007ffd95362000 	C:\Windows\System32\gdi32full.dll
0x00007ffd96930000 - 0x00007ffd969d7000 	C:\Windows\System32\msvcrt.dll
0x00007ffd94b90000 - 0x00007ffd94c2a000 	C:\Windows\System32\msvcp_win.dll
0x00007ffd973e0000 - 0x00007ffd97411000 	C:\Windows\System32\IMM32.DLL
0x00007ffd8cf70000 - 0x00007ffd8cf7c000 	C:\Users\Kushal Shah\.vscode\extensions\redhat.java-1.14.0-win32-x64\jre\17.0.5-win32-x86_64\bin\vcruntime140_1.dll
0x00007ffd4aca0000 - 0x00007ffd4ad31000 	C:\Users\Kushal Shah\.vscode\extensions\redhat.java-1.14.0-win32-x64\jre\17.0.5-win32-x86_64\bin\msvcp140.dll
0x00007ffd438c0000 - 0x00007ffd44504000 	C:\Users\Kushal Shah\.vscode\extensions\redhat.java-1.14.0-win32-x64\jre\17.0.5-win32-x86_64\bin\server\jvm.dll
0x00007ffd972d0000 - 0x00007ffd9737e000 	C:\Windows\System32\ADVAPI32.dll
0x00007ffd965c0000 - 0x00007ffd96664000 	C:\Windows\System32\sechost.dll
0x00007ffd955a0000 - 0x00007ffd956b5000 	C:\Windows\System32\RPCRT4.dll
0x00007ffd91aa0000 - 0x00007ffd91aa9000 	C:\Windows\SYSTEM32\WSOCK32.dll
0x00007ffd8ee60000 - 0x00007ffd8ee6a000 	C:\Windows\SYSTEM32\VERSION.dll
0x00007ffd89c50000 - 0x00007ffd89c84000 	C:\Windows\SYSTEM32\WINMM.dll
0x00007ffd971e0000 - 0x00007ffd97251000 	C:\Windows\System32\WS2_32.dll
0x00007ffd93c80000 - 0x00007ffd93c98000 	C:\Windows\SYSTEM32\kernel.appcore.dll
0x00007ffd8ca10000 - 0x00007ffd8ca1a000 	C:\Users\Kushal Shah\.vscode\extensions\redhat.java-1.14.0-win32-x64\jre\17.0.5-win32-x86_64\bin\jimage.dll
0x00007ffd924d0000 - 0x00007ffd926fe000 	C:\Windows\SYSTEM32\DBGHELP.DLL
0x00007ffd95c60000 - 0x00007ffd95fe9000 	C:\Windows\System32\combase.dll
0x00007ffd964e0000 - 0x00007ffd965b7000 	C:\Windows\System32\OLEAUT32.dll
0x00007ffd8dfd0000 - 0x00007ffd8e002000 	C:\Windows\SYSTEM32\dbgcore.DLL
0x00007ffd94b10000 - 0x00007ffd94b8b000 	C:\Windows\System32\bcryptPrimitives.dll
0x00007ffd66450000 - 0x00007ffd66475000 	C:\Users\Kushal Shah\.vscode\extensions\redhat.java-1.14.0-win32-x64\jre\17.0.5-win32-x86_64\bin\java.dll
0x00007ffd65930000 - 0x00007ffd65948000 	C:\Users\Kushal Shah\.vscode\extensions\redhat.java-1.14.0-win32-x64\jre\17.0.5-win32-x86_64\bin\zip.dll
0x00007ffd969e0000 - 0x00007ffd971bb000 	C:\Windows\System32\SHELL32.dll
0x00007ffd92b70000 - 0x00007ffd93425000 	C:\Windows\SYSTEM32\windows.storage.dll
0x00007ffd92a30000 - 0x00007ffd92b6d000 	C:\Windows\SYSTEM32\wintypes.dll
0x00007ffd96310000 - 0x00007ffd96401000 	C:\Windows\System32\SHCORE.dll
0x00007ffd96820000 - 0x00007ffd9687e000 	C:\Windows\System32\shlwapi.dll
0x00007ffd94a40000 - 0x00007ffd94a61000 	C:\Windows\SYSTEM32\profapi.dll
0x00007ffd630c0000 - 0x00007ffd630d9000 	C:\Users\Kushal Shah\.vscode\extensions\redhat.java-1.14.0-win32-x64\jre\17.0.5-win32-x86_64\bin\net.dll
0x00007ffd8ef40000 - 0x00007ffd8f06f000 	C:\Windows\SYSTEM32\WINHTTP.dll
0x00007ffd940e0000 - 0x00007ffd94149000 	C:\Windows\system32\mswsock.dll
0x00007ffd630a0000 - 0x00007ffd630b5000 	C:\Users\Kushal Shah\.vscode\extensions\redhat.java-1.14.0-win32-x64\jre\17.0.5-win32-x86_64\bin\nio.dll
0x00007ffd89a70000 - 0x00007ffd89a80000 	C:\Users\Kushal Shah\.vscode\extensions\redhat.java-1.14.0-win32-x64\jre\17.0.5-win32-x86_64\bin\verify.dll
0x00007ffd94320000 - 0x00007ffd9433b000 	C:\Windows\SYSTEM32\CRYPTSP.dll
0x00007ffd93bf0000 - 0x00007ffd93c25000 	C:\Windows\system32\rsaenh.dll
0x00007ffd941d0000 - 0x00007ffd941f8000 	C:\Windows\SYSTEM32\USERENV.dll
0x00007ffd944c0000 - 0x00007ffd944e8000 	C:\Windows\SYSTEM32\bcrypt.dll
0x00007ffd94340000 - 0x00007ffd9434c000 	C:\Windows\SYSTEM32\CRYPTBASE.dll
0x00007ffd93700000 - 0x00007ffd9372d000 	C:\Windows\SYSTEM32\IPHLPAPI.DLL
0x00007ffd96200000 - 0x00007ffd96209000 	C:\Windows\System32\NSI.dll
0x00007ffd8ef20000 - 0x00007ffd8ef39000 	C:\Windows\SYSTEM32\dhcpcsvc6.DLL
0x00007ffd8eeb0000 - 0x00007ffd8eecf000 	C:\Windows\SYSTEM32\dhcpcsvc.DLL
0x00007ffd93770000 - 0x00007ffd93862000 	C:\Windows\SYSTEM32\DNSAPI.dll
0x00007ffd7fb80000 - 0x00007ffd7fb8e000 	C:\Users\Kushal Shah\.vscode\extensions\redhat.java-1.14.0-win32-x64\jre\17.0.5-win32-x86_64\bin\sunmscapi.dll
0x00007ffd95370000 - 0x00007ffd954d6000 	C:\Windows\System32\CRYPT32.dll
0x00007ffd94490000 - 0x00007ffd944bd000 	C:\Windows\SYSTEM32\ncrypt.dll
0x00007ffd94450000 - 0x00007ffd94487000 	C:\Windows\SYSTEM32\NTASN1.dll
0x00007ffd80410000 - 0x00007ffd80419000 	C:\Users\Kushal Shah\.vscode\extensions\redhat.java-1.14.0-win32-x64\jre\17.0.5-win32-x86_64\bin\management.dll
0x00007ffd80220000 - 0x00007ffd8022b000 	C:\Users\Kushal Shah\.vscode\extensions\redhat.java-1.14.0-win32-x64\jre\17.0.5-win32-x86_64\bin\management_ext.dll
0x00007ffd95570000 - 0x00007ffd95578000 	C:\Windows\System32\PSAPI.DLL
0x00007ffd85210000 - 0x00007ffd8521a000 	C:\Windows\System32\rasadhlp.dll
0x00007ffd8e010000 - 0x00007ffd8e093000 	C:\Windows\System32\fwpuclnt.dll

dbghelp: loaded successfully - version: 4.0.5 - missing functions: none
symbol engine: initialized successfully - sym options: 0x614 - pdb path: .;C:\Users\Kushal Shah\.vscode\extensions\redhat.java-1.14.0-win32-x64\jre\17.0.5-win32-x86_64\bin;C:\Windows\SYSTEM32;C:\Windows\WinSxS\amd64_microsoft.windows.common-controls_6595b64144ccf1df_6.0.22621.317_none_a9434687c10c9fa2;C:\Users\Kushal Shah\.vscode\extensions\redhat.java-1.14.0-win32-x64\jre\17.0.5-win32-x86_64\bin\server

VM Arguments:
jvm_args: -XX:+ShowCodeDetailsInExceptionMessages -Dspring.jmx.enabled=true -Dmanagement.endpoints.jmx.exposure.include=* -Dspring.application.admin.enabled=true -Dspring.boot.project.name=backend -Djava.rmi.server.hostname=localhost 
java_command: com.univ.backend.UnivBackendApplication
java_class_path (initial): G:\websiteProjects\Business Projects\Aakash client\Backend\UNIVSportatech\backend\target\classes;C:\Users\Kushal Shah\.m2\repository\org\springframework\boot\spring-boot-starter-actuator\3.0.2\spring-boot-starter-actuator-3.0.2.jar;C:\Users\Kushal Shah\.m2\repository\org\springframework\boot\spring-boot-starter\3.0.2\spring-boot-starter-3.0.2.jar;C:\Users\Kushal Shah\.m2\repository\org\springframework\boot\spring-boot\3.0.2\spring-boot-3.0.2.jar;C:\Users\Kushal Shah\.m2\repository\org\springframework\boot\spring-boot-autoconfigure\3.0.2\spring-boot-autoconfigure-3.0.2.jar;C:\Users\Kushal Shah\.m2\repository\org\springframework\boot\spring-boot-starter-logging\3.0.2\spring-boot-starter-logging-3.0.2.jar;C:\Users\Kushal Shah\.m2\repository\ch\qos\logback\logback-classic\1.4.5\logback-classic-1.4.5.jar;C:\Users\Kushal Shah\.m2\repository\ch\qos\logback\logback-core\1.4.5\logback-core-1.4.5.jar;C:\Users\Kushal Shah\.m2\repository\org\apache\logging\log4j\log4j-to-slf4j\2.19.0\log4j-to-slf4j-2.19.0.jar;C:\Users\Kushal Shah\.m2\repository\org\apache\logging\log4j\log4j-api\2.19.0\log4j-api-2.19.0.jar;C:\Users\Kushal Shah\.m2\repository\org\slf4j\jul-to-slf4j\2.0.6\jul-to-slf4j-2.0.6.jar;C:\Users\Kushal Shah\.m2\repository\jakarta\annotation\jakarta.annotation-api\2.1.1\jakarta.annotation-api-2.1.1.jar;C:\Users\Kushal Shah\.m2\repository\org\yaml\snakeyaml\1.33\snakeyaml-1.33.jar;C:\Users\Kushal Shah\.m2\repository\org\springframework\boot\spring-boot-actuator-autoconfigure\3.0.2\spring-boot-actuator-autoconfigure-3.0.2.jar;C:\Users\Kushal Shah\.m2\repository\org\springframework\boot\spring-boot-actuator\3.0.2\spring-boot-actuator-3.0.2.jar;C:\Users\Kushal Shah\.m2\repository\com\fasterxml\jackson\core\jackson-databind\2.14.1\jackson-databind-2.14.1.jar;C:\Users\Kushal Shah\.m2\repository\com\fasterxml\jackson\core\jackson-annotations\2.14.1\jackson-annotations-2.14.1.jar;C:\Users\Kushal Shah\.m2\repository\com\fasterxml\jackson\core\jackson-co
Launcher Type: SUN_STANDARD

[Global flags]
     intx CICompilerCount                          = 4                                         {product} {ergonomic}
     uint ConcGCThreads                            = 3                                         {product} {ergonomic}
     uint G1ConcRefinementThreads                  = 10                                        {product} {ergonomic}
   size_t G1HeapRegionSize                         = 2097152                                   {product} {ergonomic}
    uintx GCDrainStackTargetSize                   = 64                                        {product} {ergonomic}
   size_t InitialHeapSize                          = 266338304                                 {product} {ergonomic}
   size_t MarkStackSize                            = 4194304                                   {product} {ergonomic}
   size_t MaxHeapSize                              = 4261412864                                {product} {ergonomic}
   size_t MaxNewSize                               = 2556428288                                {product} {ergonomic}
   size_t MinHeapDeltaBytes                        = 2097152                                   {product} {ergonomic}
   size_t MinHeapSize                              = 8388608                                   {product} {ergonomic}
    uintx NonNMethodCodeHeapSize                   = 5839372                                {pd product} {ergonomic}
    uintx NonProfiledCodeHeapSize                  = 122909434                              {pd product} {ergonomic}
    uintx ProfiledCodeHeapSize                     = 122909434                              {pd product} {ergonomic}
    uintx ReservedCodeCacheSize                    = 251658240                              {pd product} {ergonomic}
     bool SegmentedCodeCache                       = true                                      {product} {ergonomic}
     bool ShowCodeDetailsInExceptionMessages       = true                                   {manageable} {command line}
   size_t SoftMaxHeapSize                          = 4261412864                             {manageable} {ergonomic}
     bool UseCompressedClassPointers               = true                           {product lp64_product} {ergonomic}
     bool UseCompressedOops                        = true                           {product lp64_product} {ergonomic}
     bool UseG1GC                                  = true                                      {product} {ergonomic}
     bool UseLargePagesIndividualAllocation        = false                                  {pd product} {ergonomic}

Logging:
Log output configuration:
 #0: stdout all=warning uptime,level,tags
 #1: stderr all=off uptime,level,tags

Environment Variables:
PATH=C:\Program Files\Common Files\Oracle\Java\javapath;C:\Windows\system32;C:\Windows;C:\Windows\System32\Wbem;C:\Windows\System32\WindowsPowerShell\v1.0\;C:\Windows\System32\OpenSSH\;C:\Program Files\NVIDIA Corporation\NVIDIA NvDLISR;C:\Program Files (x86)\NVIDIA Corporation\PhysX\Common;C:\Program Files\Git\cmd;%MAVEN_HOME%\bin;C:\Users\Kushal Shah\AppData\Local\Microsoft\WindowsApps;;C:\Users\Kushal Shah\AppData\Local\Programs\Microsoft VS Code\bin
USERNAME=Kushal Shah
LANG=en_US.UTF-8
OS=Windows_NT
PROCESSOR_IDENTIFIER=Intel64 Family 6 Model 165 Stepping 3, GenuineIntel
TMP=C:\Users\KUSHAL~1\AppData\Local\Temp
TEMP=C:\Users\KUSHAL~1\AppData\Local\Temp



---------------  S Y S T E M  ---------------

OS:
 Windows 11 , 64 bit Build 22621 (10.0.22621.457)
OS uptime: 6 days 9:13 hours

CPU: total 12 (initial active 12) (6 cores per cpu, 2 threads per core) family 6 model 165 stepping 3 microcode 0xe0, cx8, cmov, fxsr, ht, mmx, 3dnowpref, sse, sse2, sse3, ssse3, sse4.1, sse4.2, popcnt, lzcnt, tsc, tscinvbit, avx, avx2, aes, erms, clmul, bmi1, bmi2, adx, fma, vzeroupper, clflush, clflushopt

Memory: 4k page, system-wide physical 16253M (101M free)
TotalPageFile size 44777M (AvailPageFile size 8M)
current process WorkingSet (physical memory assigned to process): 203M, peak: 216M
current process commit charge ("private bytes"): 246M, peak: 372M

vm_info: OpenJDK 64-Bit Server VM (17.0.5+8) for windows-amd64 JRE (17.0.5+8), built on Oct 19 2022 04:48:13 by "temurin" with MS VC++ 16.7 (VS2019)

END.
